<?xml version="1.0" encoding="UTF-8"?>
<!-- Generated by org.testng.reporters.JUnitXMLReporter -->
<testsuite hostname="9707ALADMN027" ignored="0" name="Default test" tests="3" failures="0" timestamp="11 Feb 2022 16:43:35 GMT" time="14.999" errors="0">
  <testcase name="testLoginFunction" time="2.238" classname="com.acti.testcase.LoginPageTests"/>
  <testcase name="testValidateActiLogo" time="0.052" classname="com.acti.testcase.LoginPageTests"/>
  <testcase name="testValidateLoginPageDisplayed" time="0.006" classname="com.acti.testcase.LoginPageTests"/>
</testsuite> <!-- Default test -->
