<?xml version="1.0" encoding="UTF-8"?>
<testng-results skipped="0" failed="0" ignored="0" total="3" passed="3">
  <reporter-output>
  </reporter-output>
  <suite name="Default suite" duration-ms="14999" started-at="2022-02-11T16:43:20Z" finished-at="2022-02-11T16:43:35Z">
    <groups>
    </groups>
    <test name="Default test" duration-ms="14999" started-at="2022-02-11T16:43:20Z" finished-at="2022-02-11T16:43:35Z">
      <class name="com.acti.testcase.LoginPageTests">
        <test-method status="PASS" signature="setUp()[pri:0, instance:com.acti.testcase.LoginPageTests@71318ec4]" name="setUp" is-config="true" duration-ms="4838" started-at="2022-02-11T11:43:21Z" finished-at="2022-02-11T11:43:26Z">
          <reporter-output>
          </reporter-output>
        </test-method> <!-- setUp -->
        <test-method status="PASS" signature="testLoginFunction(java.lang.String, java.lang.String)[pri:0, instance:com.acti.testcase.LoginPageTests@71318ec4]" name="testLoginFunction" duration-ms="2238" started-at="2022-02-11T11:43:26Z" data-provider="actiData" finished-at="2022-02-11T11:43:28Z">
          <params>
            <param index="0">
              <value>
                <![CDATA[admin]]>
              </value>
            </param>
            <param index="1">
              <value>
                <![CDATA[manager]]>
              </value>
            </param>
          </params>
          <reporter-output>
          </reporter-output>
        </test-method> <!-- testLoginFunction -->
        <test-method status="PASS" signature="tearDown()[pri:0, instance:com.acti.testcase.LoginPageTests@71318ec4]" name="tearDown" is-config="true" duration-ms="659" started-at="2022-02-11T11:43:28Z" finished-at="2022-02-11T11:43:29Z">
          <reporter-output>
          </reporter-output>
        </test-method> <!-- tearDown -->
        <test-method status="PASS" signature="setUp()[pri:0, instance:com.acti.testcase.LoginPageTests@71318ec4]" name="setUp" is-config="true" duration-ms="2709" started-at="2022-02-11T11:43:29Z" finished-at="2022-02-11T11:43:32Z">
          <reporter-output>
          </reporter-output>
        </test-method> <!-- setUp -->
        <test-method status="PASS" signature="testValidateActiLogo()[pri:0, instance:com.acti.testcase.LoginPageTests@71318ec4]" name="testValidateActiLogo" duration-ms="52" started-at="2022-02-11T11:43:32Z" finished-at="2022-02-11T11:43:32Z">
          <reporter-output>
          </reporter-output>
        </test-method> <!-- testValidateActiLogo -->
        <test-method status="PASS" signature="tearDown()[pri:0, instance:com.acti.testcase.LoginPageTests@71318ec4]" name="tearDown" is-config="true" duration-ms="671" started-at="2022-02-11T11:43:32Z" finished-at="2022-02-11T11:43:32Z">
          <reporter-output>
          </reporter-output>
        </test-method> <!-- tearDown -->
        <test-method status="PASS" signature="setUp()[pri:0, instance:com.acti.testcase.LoginPageTests@71318ec4]" name="setUp" is-config="true" duration-ms="2527" started-at="2022-02-11T11:43:32Z" finished-at="2022-02-11T11:43:35Z">
          <reporter-output>
          </reporter-output>
        </test-method> <!-- setUp -->
        <test-method status="PASS" signature="testValidateLoginPageDisplayed()[pri:0, instance:com.acti.testcase.LoginPageTests@71318ec4]" name="testValidateLoginPageDisplayed" duration-ms="6" started-at="2022-02-11T11:43:35Z" finished-at="2022-02-11T11:43:35Z">
          <reporter-output>
          </reporter-output>
        </test-method> <!-- testValidateLoginPageDisplayed -->
        <test-method status="PASS" signature="tearDown()[pri:0, instance:com.acti.testcase.LoginPageTests@71318ec4]" name="tearDown" is-config="true" duration-ms="639" started-at="2022-02-11T11:43:35Z" finished-at="2022-02-11T11:43:35Z">
          <reporter-output>
          </reporter-output>
        </test-method> <!-- tearDown -->
      </class> <!-- com.acti.testcase.LoginPageTests -->
    </test> <!-- Default test -->
  </suite> <!-- Default suite -->
</testng-results>
